INFO:root:5
INFO:root:4
INFO:root:3
INFO:root:2
INFO:root:1
INFO:root:1
INFO:root:1
INFO:root:5
INFO:root:4
INFO:root:3
INFO:root:2
INFO:root:1
INFO:root:1
INFO:root:1
INFO:root:1
INFO:root:1
INFO:root:1
INFO:root:0
INFO:root:0
INFO:root:0
INFO:root:0
INFO:root:0
INFO:root:0
INFO:root:0
INFO:root:8
INFO:root:7
INFO:root:6
INFO:root:5
ERROR:pynput.keyboard.Listener:Unhandled exception in listener callback
Traceback (most recent call last):
  File "/home/yulai/projects/python/file_manager/lscommand.py", line 120, in on_key_press
    if key.char == "q":
       ^^^^^^^^
AttributeError: 'Key' object has no attribute 'char'

During handling of the above exception, another exception occurred:

Traceback (most recent call last):
  File "/home/yulai/.pyenv/versions/3.12.1/lib/python3.12/site-packages/pynput/_util/__init__.py", line 228, in inner
    return f(self, *args, **kwargs)
           ^^^^^^^^^^^^^^^^^^^^^^^^
  File "/home/yulai/.pyenv/versions/3.12.1/lib/python3.12/site-packages/pynput/_util/xorg.py", line 470, in _handler
    self._handle(self._display_stop, event)
  File "/home/yulai/.pyenv/versions/3.12.1/lib/python3.12/site-packages/pynput/keyboard/_xorg.py", line 564, in _handle
    self.on_press(key)
  File "/home/yulai/.pyenv/versions/3.12.1/lib/python3.12/site-packages/pynput/_util/__init__.py", line 144, in inner
    if f(*args) is False:
       ^^^^^^^^
  File "/home/yulai/projects/python/file_manager/lscommand.py", line 149, in on_key_press
    logging(str(key)=="Key.down")
TypeError: 'module' object is not callable
ERROR:pynput.keyboard.Listener:Unhandled exception in listener callback
Traceback (most recent call last):
  File "/home/yulai/projects/python/file_manager/lscommand.py", line 120, in on_key_press
    if key.char == "q":
       ^^^^^^^^
AttributeError: 'Key' object has no attribute 'char'

During handling of the above exception, another exception occurred:

Traceback (most recent call last):
  File "/home/yulai/.pyenv/versions/3.12.1/lib/python3.12/site-packages/pynput/_util/__init__.py", line 228, in inner
    return f(self, *args, **kwargs)
           ^^^^^^^^^^^^^^^^^^^^^^^^
  File "/home/yulai/.pyenv/versions/3.12.1/lib/python3.12/site-packages/pynput/_util/xorg.py", line 470, in _handler
    self._handle(self._display_stop, event)
  File "/home/yulai/.pyenv/versions/3.12.1/lib/python3.12/site-packages/pynput/keyboard/_xorg.py", line 564, in _handle
    self.on_press(key)
  File "/home/yulai/.pyenv/versions/3.12.1/lib/python3.12/site-packages/pynput/_util/__init__.py", line 144, in inner
    if f(*args) is False:
       ^^^^^^^^
  File "/home/yulai/projects/python/file_manager/lscommand.py", line 149, in on_key_press
    logging(str(str(key)=="Key.down"))
TypeError: 'module' object is not callable
INFO:root:True
INFO:root:False
INFO:root:False
INFO:root:True
INFO:root:True
INFO:root:False
INFO:root:False
INFO:root:True
INFO:root:False
INFO:root:False
INFO:root:True
INFO:root:False
INFO:root:True
INFO:root:False
INFO:root:True
INFO:root:False
INFO:root:True
INFO:root:False
INFO:root:False
INFO:root:True
INFO:root:4
INFO:root:False
INFO:root:True
INFO:root:3
INFO:root:False
INFO:root:True
INFO:root:2
INFO:root:True
INFO:root:False
INFO:root:True
INFO:root:False
INFO:root:True
INFO:root:False
INFO:root:True
INFO:root:False
INFO:root:True
INFO:root:False
INFO:root:False
INFO:root:True
INFO:root:5
INFO:root:False
INFO:root:True
INFO:root:4
INFO:root:False
INFO:root:True
INFO:root:3
INFO:root:False
INFO:root:True
INFO:root:2
INFO:root:False
INFO:root:True
INFO:root:True
INFO:root:False
INFO:root:True
INFO:root:False
INFO:root:True
INFO:root:False
INFO:root:True
INFO:root:False
INFO:root:True
INFO:root:False
INFO:root:True
INFO:root:False
INFO:root:False
INFO:root:False
INFO:root:True
INFO:root:False
INFO:root:True
INFO:root:False
INFO:root:True
INFO:root:False
INFO:root:True
INFO:root:False
INFO:root:True
INFO:root:False
INFO:root:False
INFO:root:False
INFO:root:False
INFO:root:False
INFO:root:True
INFO:root:False
INFO:root:True
INFO:root:False
INFO:root:True
INFO:root:False
INFO:root:True
INFO:root:False
INFO:root:True
INFO:root:False
INFO:root:True
INFO:root:False
INFO:root:False
INFO:root:True
INFO:root:5
INFO:root:False
INFO:root:True
INFO:root:4
INFO:root:False
INFO:root:True
INFO:root:3
INFO:root:False
INFO:root:True
INFO:root:2
INFO:root:False
INFO:root:True
INFO:root:True
INFO:root:False
INFO:root:False
INFO:root:False
INFO:root:True
INFO:root:False
INFO:root:False
INFO:root:False
INFO:root:True
INFO:root:False
INFO:root:False
INFO:root:False
INFO:root:True
INFO:root:False
INFO:root:False
INFO:root:False
INFO:root:True
INFO:root:False
INFO:root:True
INFO:root:False
INFO:root:True
INFO:root:False
INFO:root:False
INFO:root:False
INFO:root:True
INFO:root:False
INFO:root:True
INFO:root:False
INFO:root:True
INFO:root:False
INFO:root:True
INFO:root:False
INFO:root:False
INFO:root:True
INFO:root:4
INFO:root:False
INFO:root:True
INFO:root:3
INFO:root:False
INFO:root:True
INFO:root:2
INFO:root:False
INFO:root:False
INFO:root:False
INFO:root:True
INFO:root:False
INFO:root:False
INFO:root:False
INFO:root:False
INFO:root:False
INFO:root:False
INFO:root:True
INFO:root:False
INFO:root:False
INFO:root:True
INFO:root:False
INFO:root:True
INFO:root:True
INFO:root:False
INFO:root:True
INFO:root:False
INFO:root:True
INFO:root:False
INFO:root:False
INFO:root:True
INFO:root:4
INFO:root:False
INFO:root:True
INFO:root:3
INFO:root:False
INFO:root:True
INFO:root:2
INFO:root:False
INFO:root:True
INFO:root:False
INFO:root:True
INFO:root:False
INFO:root:True
INFO:root:False
INFO:root:True
INFO:root:False
INFO:root:True
INFO:root:True
INFO:root:False
INFO:root:True
INFO:root:False
INFO:root:True
INFO:root:False
INFO:root:True
INFO:root:False
INFO:root:False
INFO:root:True
INFO:root:5
INFO:root:False
INFO:root:True
INFO:root:4
INFO:root:False
INFO:root:True
INFO:root:3
INFO:root:False
INFO:root:True
INFO:root:2
INFO:root:False
INFO:root:True
INFO:root:False
INFO:root:False
INFO:root:True
INFO:root:False
INFO:root:True
INFO:root:False
INFO:root:True
INFO:root:False
INFO:root:True
INFO:root:False
INFO:root:True
INFO:root:False
INFO:root:True
INFO:root:False
INFO:root:True
INFO:root:False
INFO:root:False
INFO:root:True
INFO:root:5
INFO:root:False
INFO:root:True
INFO:root:4
INFO:root:False
INFO:root:True
INFO:root:3
INFO:root:False
INFO:root:True
INFO:root:2
INFO:root:True
INFO:root:False
INFO:root:False
INFO:root:False
INFO:root:True
INFO:root:False
INFO:root:False
INFO:root:False
INFO:root:True
INFO:root:False
INFO:root:False
INFO:root:False
INFO:root:True
INFO:root:False
INFO:root:False
INFO:root:False
INFO:root:True
INFO:root:False
INFO:root:False
INFO:root:False
INFO:root:True
INFO:root:False
INFO:root:False
INFO:root:False
INFO:root:True
INFO:root:False
INFO:root:False
INFO:root:False
INFO:root:True
INFO:root:False
INFO:root:False
INFO:root:False
INFO:root:True
INFO:root:False
INFO:root:True
INFO:root:False
INFO:root:True
INFO:root:False
INFO:root:True
INFO:root:False
INFO:root:True
INFO:root:False
INFO:root:True
INFO:root:False
INFO:root:True
INFO:root:False
INFO:root:True
INFO:root:False
INFO:root:True
INFO:root:False
INFO:root:True
INFO:root:False
INFO:root:True
INFO:root:False
INFO:root:True
INFO:root:False
INFO:root:True
INFO:root:False
INFO:root:True
INFO:root:False
INFO:root:True
INFO:root:False
INFO:root:True
INFO:root:False
INFO:root:True
INFO:root:False
INFO:root:True
INFO:root:False
INFO:root:False
INFO:root:True
INFO:root:18
INFO:root:False
INFO:root:False
INFO:root:True
INFO:root:False
INFO:root:False
INFO:root:False
INFO:root:False
INFO:root:False
INFO:root:False
INFO:root:False
INFO:root:False
INFO:root:False
INFO:root:False
INFO:root:False
INFO:root:False
INFO:root:False
INFO:root:True
INFO:root:False
INFO:root:False
INFO:root:False
INFO:root:False
INFO:root:False
INFO:root:False
INFO:root:False
INFO:root:False
INFO:root:False
INFO:root:False
INFO:root:False
INFO:root:False
INFO:root:False
INFO:root:False
INFO:root:False
INFO:root:False
INFO:root:False
INFO:root:False
INFO:root:False
INFO:root:False
INFO:root:False
INFO:root:False
INFO:root:False
INFO:root:False
INFO:root:False
INFO:root:False
INFO:root:False
INFO:root:False
INFO:root:False
INFO:root:False
INFO:root:False
INFO:root:False
INFO:root:False
INFO:root:False
INFO:root:False
INFO:root:False
INFO:root:False
INFO:root:False
INFO:root:False
INFO:root:False
INFO:root:False
INFO:root:False
INFO:root:False
INFO:root:False
INFO:root:False
INFO:root:False
INFO:root:False
INFO:root:False
INFO:root:False
INFO:root:False
INFO:root:False
INFO:root:False
INFO:root:False
INFO:root:False
INFO:root:False
INFO:root:False
INFO:root:False
INFO:root:True
INFO:root:False
INFO:root:False
INFO:root:False
INFO:root:False
INFO:root:False
